[2025-07-10 11:54:37] INFO: 🚀 Starting Taskmaster...
[2025-07-10 11:54:37] INFO: ✅ Configuration loaded from configs/example.yml
[2025-07-10 11:54:37] INFO: 🌐 Starting web server on port 9000
[2025-07-10 11:54:37] INFO: Starting web server on :9000
[2025-07-10 11:54:37] INFO: Started process worker_pool_0 (PID: 20518)
[2025-07-10 11:54:37] INFO: Started process worker_pool_1 (PID: 20519)
[2025-07-10 11:54:37] INFO: Started process worker_pool_2 (PID: 20520)
[2025-07-10 11:54:37] INFO: Started process worker_pool_3 (PID: 20521)
[2025-07-10 11:54:37] INFO: Started process test_program_0 (PID: 20522)
[2025-07-10 11:54:37] INFO: Started process test_program_1 (PID: 20523)
[2025-07-10 11:54:37] INFO: Started process logger_program_0 (PID: 20524)
[2025-07-10 11:54:37] INFO: 🎮 Starting interactive shell...
[2025-07-10 11:54:39] INFO: Process worker_pool_0 successfully started and running
[2025-07-10 11:54:39] INFO: Process worker_pool_1 successfully started and running
[2025-07-10 11:54:39] INFO: Process worker_pool_2 successfully started and running
[2025-07-10 11:54:39] INFO: Process worker_pool_3 successfully started and running
[2025-07-10 11:54:39] INFO: Process logger_program_0 successfully started and running
[2025-07-10 11:54:40] INFO: Process test_program_0 successfully started and running
[2025-07-10 11:54:40] INFO: Process test_program_1 successfully started and running
[2025-07-10 11:54:46] INFO: Client connected. Total clients: 1
[2025-07-10 11:54:53] INFO: Process worker_pool_1 exited normally
[2025-07-10 11:54:53] INFO: Process worker_pool_1 terminated naturally with expected code 0
[2025-07-10 11:54:55] INFO: Process worker_pool_0 exited normally
[2025-07-10 11:54:55] INFO: Process worker_pool_0 terminated naturally with expected code 0
[2025-07-10 11:55:02] INFO: Process worker_pool_3 exited normally
[2025-07-10 11:55:02] INFO: Process worker_pool_3 terminated naturally with expected code 0
[2025-07-10 11:55:04] INFO: Process worker_pool_2 exited normally
[2025-07-10 11:55:04] INFO: Process worker_pool_2 terminated naturally with expected code 0
[2025-07-10 11:55:07] INFO: Process test_program_0 exited normally
[2025-07-10 11:55:07] INFO: Process test_program_1 exited normally
[2025-07-10 11:55:07] INFO: Process test_program_0 terminated naturally with expected code 0
[2025-07-10 11:55:07] INFO: Process test_program_1 terminated naturally with expected code 0
[2025-07-10 11:55:31] ERROR: Process logger_program_0 exited with code 143
[2025-07-10 11:55:31] INFO: Process logger_program_0 terminated naturally with expected code 143
